This is pdfeTeX, Version 3.141592-1.21a-2.2 (Web2C 7.5.4) (format=pdflatex 2013.6.3)  26 MAY 2015 09:49
entering extended mode
**aliquidtile.tex
(./aliquidtile.tex
LaTeX2e <2003/12/01>
Babel <v3.8d> and hyphenation patterns for american, french, german, ngerman, b
ahasa, basque, bulgarian, catalan, croatian, czech, danish, dutch, esperanto, e
stonian, finnish, greek, icelandic, irish, italian, latin, magyar, norsk, polis
h, portuges, romanian, russian, serbian, slovak, slovene, spanish, swedish, tur
kish, ukrainian, nohyphenation, loaded.
(./elsarticle.cls
Document Class: elsarticle 2009/09/17, 1.2.0: Elsevier Ltd
\@bls=\dimen102
(/usr/share/texmf/tex/latex/base/article.cls
Document Class: article 2004/02/16 v1.4f Standard LaTeX document class
(/usr/share/texmf/tex/latex/base/size10.clo
File: size10.clo 2004/02/16 v1.4f Standard LaTeX file (size option)
)
\c@part=\count79
\c@section=\count80
\c@subsection=\count81
\c@subsubsection=\count82
\c@paragraph=\count83
\c@subparagraph=\count84
\c@figure=\count85
\c@table=\count86
\abovecaptionskip=\skip41
\belowcaptionskip=\skip42
\bibindent=\dimen103
)
(/usr/share/texmf/tex/latex/graphics/graphicx.sty
Package: graphicx 1999/02/16 v1.0f Enhanced LaTeX Graphics (DPC,SPQR)

(/usr/share/texmf/tex/latex/graphics/keyval.sty
Package: keyval 1999/03/16 v1.13 key=value parser (DPC)
\KV@toks@=\toks14
)
(/usr/share/texmf/tex/latex/graphics/graphics.sty
Package: graphics 2001/07/07 v1.0n Standard LaTeX Graphics (DPC,SPQR)

(/usr/share/texmf/tex/latex/graphics/trig.sty
Package: trig 1999/03/16 v1.09 sin cos tan (DPC)
)
(/usr/share/texmf/tex/latex/graphics/graphics.cfg
File: graphics.cfg 2005/02/03 v1.3 graphics configuration of teTeX/TeXLive
)
Package graphics Info: Driver file: pdftex.def on input line 80.

(/usr/share/texmf/tex/latex/graphics/pdftex.def
File: pdftex.def 2002/06/19 v0.03k graphics/color for pdftex
\Gread@gobject=\count87
))
\Gin@req@height=\dimen104
\Gin@req@width=\dimen105
)
(/usr/share/texmf/tex/latex/psnfss/pifont.sty
Package: pifont 2004/09/15 PSNFSS-v9.2 Pi font support (SPQR) 
LaTeX Font Info:    Try loading font information for U+pzd on input line 63.

(/usr/share/texmf/tex/latex/psnfss/upzd.fd
File: upzd.fd 2001/06/04 font definitions for U/pzd.
)
LaTeX Font Info:    Try loading font information for U+psy on input line 64.

(/usr/share/texmf/tex/latex/psnfss/upsy.fd
File: upsy.fd 2001/06/04 font definitions for U/psy.
))
\c@tnote=\count88
\c@fnote=\count89
\c@cnote=\count90
\c@ead=\count91
\c@author=\count92
\@eadauthor=\toks15
\c@affn=\count93
\absbox=\box26
\keybox=\box27
\Columnwidth=\dimen106
\space@left=\dimen107
\els@boxa=\box28
\els@boxb=\box29
\leftMargin=\dimen108
\@enLab=\toks16
\@sep=\skip43
\@@sep=\skip44
 (./aliquidtile.spl)
(/usr/share/texmf/tex/latex/natbib/natbib.sty
Package: natbib 2003/06/06 7.1 (PWD)
\bibhang=\skip45
\bibsep=\skip46
LaTeX Info: Redefining \cite on input line 518.
\c@NAT@ctr=\count94
)
\splwrite=\write3
\openout3 = `aliquidtile.spl'.

)
(/usr/share/texmf/tex/latex/lineno/lineno.sty
Package: lineno 2005/01/10 line numbers on paragraphs v4.1c
\linenopenalty=\count95
\output=\toks17
\linenoprevgraf=\count96
\linenumbersep=\dimen109
\linenumberwidth=\dimen110
\c@linenumber=\count97
\c@pagewiselinenumber=\count98
\n@LN@truepage=\count99
\c@linenumbermodulo=\count100
\c@internallinenumber=\count101
\c@internallinenumbers=\count102
\quotelinenumbersep=\dimen111
\bframerule=\dimen112
\bframesep=\dimen113
\bframebox=\box30
LaTeX Info: Redefining \\ on input line 2405.
)
(/usr/share/texmf/tex/latex/hyperref/hyperref.sty
Package: hyperref 2003/11/30 v6.74m Hypertext links for LaTeX
\@linkdim=\dimen114
\Hy@linkcounter=\count103
\Hy@pagecounter=\count104

(/usr/share/texmf/tex/latex/hyperref/pd1enc.def
File: pd1enc.def 2003/11/30 v6.74m Hyperref: PDFDocEncoding definition (HO)
)
(/usr/share/texmf/tex/latex/hyperref/hyperref.cfg
File: hyperref.cfg 2002/06/06 v1.2 hyperref configuration of TeXLive and teTeX
)
Package hyperref Info: Hyper figures OFF on input line 1880.
Package hyperref Info: Link nesting OFF on input line 1885.
Package hyperref Info: Hyper index ON on input line 1888.
Package hyperref Info: Plain pages ON on input line 1893.
Package hyperref Info: Backreferencing OFF on input line 1900.

Implicit mode ON; LaTeX internals redefined
Package hyperref Info: Bookmarks ON on input line 2004.
(/usr/share/texmf/tex/latex/url/url.sty
\Urlmuskip=\muskip10
Package: url 2004/03/15  ver 3.1  Verb mode for urls, etc.
)
LaTeX Info: Redefining \url on input line 2143.
\Fld@menulength=\count105
\Field@Width=\dimen115
\Fld@charsize=\dimen116
\Choice@toks=\toks18
\Field@toks=\toks19
Package hyperref Info: Hyper figures OFF on input line 2618.
Package hyperref Info: Link nesting OFF on input line 2623.
Package hyperref Info: Hyper index ON on input line 2626.
Package hyperref Info: backreferencing OFF on input line 2633.
Package hyperref Info: Link coloring OFF on input line 2638.
\c@Item=\count106
\c@Hfootnote=\count107
)
*hyperref using default driver hpdftex*
(/usr/share/texmf/tex/latex/hyperref/hpdftex.def
File: hpdftex.def 2003/11/30 v6.74m Hyperref driver for pdfTeX
\Fld@listcount=\count108
\@outlinefile=\write4
) (./aliquidtile.aux)
\openout1 = `aliquidtile.aux'.

LaTeX Font Info:    Checking defaults for OML/cmm/m/it on input line 40.
LaTeX Font Info:    ... okay on input line 40.
LaTeX Font Info:    Checking defaults for T1/cmr/m/n on input line 40.
LaTeX Font Info:    ... okay on input line 40.
LaTeX Font Info:    Checking defaults for OT1/cmr/m/n on input line 40.
LaTeX Font Info:    ... okay on input line 40.
LaTeX Font Info:    Checking defaults for OMS/cmsy/m/n on input line 40.
LaTeX Font Info:    ... okay on input line 40.
LaTeX Font Info:    Checking defaults for OMX/cmex/m/n on input line 40.
LaTeX Font Info:    ... okay on input line 40.
LaTeX Font Info:    Checking defaults for U/cmr/m/n on input line 40.
LaTeX Font Info:    ... okay on input line 40.
LaTeX Font Info:    Checking defaults for PD1/pdf/m/n on input line 40.
LaTeX Font Info:    ... okay on input line 40.

(/usr/share/texmf/tex/context/base/supp-pdf.tex
(/usr/share/texmf/tex/context/base/supp-mis.tex
loading : Context Support Macros / Miscellaneous (2004.10.26)
\protectiondepth=\count109
\scratchcounter=\count110
\scratchtoks=\toks20
\scratchdimen=\dimen117
\scratchskip=\skip47
\scratchmuskip=\muskip11
\scratchbox=\box31
\scratchread=\read1
\scratchwrite=\write5
\zeropoint=\dimen118
\onepoint=\dimen119
\onebasepoint=\dimen120
\minusone=\count111
\thousandpoint=\dimen121
\onerealpoint=\dimen122
\emptytoks=\toks21
\nextbox=\box32
\nextdepth=\dimen123
\everyline=\toks22
\!!counta=\count112
\!!countb=\count113
\recursecounter=\count114
)
loading : Context Support Macros / PDF (2004.03.26)
\nofMPsegments=\count115
\nofMParguments=\count116
\MPscratchCnt=\count117
\MPscratchDim=\dimen124
\MPnumerator=\count118
\everyMPtoPDFconversion=\toks23
)
Package hyperref Info: Link coloring OFF on input line 40.
 (/usr/share/texmf/tex/latex/hyperref/nameref.sty
Package: nameref 2003/12/03 v2.21 Cross-referencing by name of section
\c@section@level=\count119
)
LaTeX Info: Redefining \ref on input line 40.
LaTeX Info: Redefining \pageref on input line 40.
 (./aliquidtile.out)
(./aliquidtile.out)
\openout4 = `aliquidtile.out'.

LaTeX Font Info:    External font `cmex10' loaded for size
(Font)              <7> on input line 78.
LaTeX Font Info:    External font `cmex10' loaded for size
(Font)              <5> on input line 78.
LaTeX Font Info:    External font `cmex10' loaded for size
(Font)              <8> on input line 85.
LaTeX Font Info:    External font `cmex10' loaded for size
(Font)              <6> on input line 85.


Package natbib Warning: Citation `Albrow20022524' on page 1 undefined on input 
line 90.

[1


{/usr/share/texmf-var/fonts/map/pdftex/updmap/pdftex.map}] (./aliquidtile.bbl
Missing character: There is no Ã in font cmr10!
Missing character: There is no ƒ in font cmr10!
Missing character: There is no Â in font cmr10!
Missing character: There is no ¶ in font cmr10!

Underfull \hbox (badness 10000) in paragraph at lines 15--26
\OT1/cmr/m/n/10 URL []$\OT1/cmtt/m/n/10 http : / / www . sciencedirect . com / 
science / article / pii /
 []

[2]
Underfull \hbox (badness 1571) in paragraph at lines 49--59
\OT1/cmr/m/n/10 143.  []http://dx.doi.org/http://dx.doi.org/10.1016/0168-583X(9
4)00435-8[]
 []


Underfull \hbox (badness 10000) in paragraph at lines 49--59
\OT1/cmr/m/n/10 URL []$\OT1/cmtt/m/n/10 http : / / www . sciencedirect . com / 
science / article / pii /
 []

)

Package natbib Warning: There were undefined citations.

[3] (./aliquidtile.aux) ) 
Here is how much of TeX's memory you used:
 3225 strings out of 94500
 41740 string characters out of 1176767
 97389 words of memory out of 1000000
 6360 multiletter control sequences out of 10000+50000
 8442 words of font info for 30 fonts, out of 500000 for 2000
 580 hyphenation exceptions out of 1000
 32i,7n,36p,613b,274s stack positions out of 1500i,500n,5000p,200000b,5000s
PDF statistics:
 137 PDF objects out of 300000
 26 named destinations out of 131072
 73 words of extra memory for PDF output out of 65536
</usr/share/texmf/fonts/type1/bluesky/cm/cmtt10.pfb></
usr/share/texmf/fonts/type1/bluesky/cm/cmtt8.pfb></usr/share/texmf/fonts/type1/
bluesky/cm/cmr8.pfb></usr/share/texmf/fonts/type1/bluesky/cm/cmsy6.pfb></usr/sh
are/texmf/fonts/type1/bluesky/cm/cmss8.pfb></usr/share/texmf/fonts/type1/bluesk
y/cm/cmti10.pfb></usr/share/texmf/fonts/type1/bluesky/cm/cmbx10.pfb></usr/share
/texmf/fonts/type1/bluesky/cm/cmti8.pfb></usr/share/texmf/fonts/type1/bluesky/c
m/cmti7.pfb></usr/share/texmf/fonts/type1/bluesky/cm/cmsy7.pfb></usr/share/texm
f/fonts/type1/bluesky/cm/cmr7.pfb></usr/share/texmf/fonts/type1/bluesky/cm/cmr1
0.pfb></usr/share/texmf/fonts/type1/bluesky/cm/cmr12.pfb>
Output written on aliquidtile.pdf (3 pages, 104125 bytes).
